00:00:00.417870 VirtualBox GUI VM Selector Window 7.0.18 r162988 linux.amd64 (May  2 2024 10:17:07) release log
00:00:00.417875 Log opened 2025-03-19T19:35:16.423657000Z
00:00:00.417878 Build Type: release
00:00:00.417887 OS Product: Linux
00:00:00.417891 OS Release: 6.8.0-40-generic
00:00:00.417894 OS Version: #40~22.04.3-Ubuntu SMP PREEMPT_DYNAMIC Tue Jul 30 17:30:19 UTC 2
00:00:00.417953 DMI Product Name: 82B1
00:00:00.417979 DMI Product Version: Lenovo Legion 5 15ARH05H
00:00:00.417997 Firmware type: UEFI
00:00:00.418297 Secure Boot: Disabled
00:00:00.418398 Host RAM: 31963MB (31.2GB) total, 27855MB (27.2GB) available
00:00:00.418409 Executable: /usr/lib/virtualbox/VirtualBox
00:00:00.418411 Process ID: 1515721
00:00:00.418414 Package type: LINUX_64BITS_UBUNTU_22_04
00:00:00.418479 Qt version: 5.15.3
00:00:00.419850 GUI: UIMediumEnumerator: Initial medium-enumeration finished!
00:00:00.509796 GUI: UIMediumEnumerator: Medium-enumeration started...
00:00:01.277173 GUI: UIDesktopWidgetWatchdog::sltHandleHostScreenAvailableGeometryCalculated: Screen 0 work area is actually resized to: 0x0 x 1920x1040
00:00:01.452935 GUI: UIMediumEnumerator: Medium-enumeration finished!
00:01:02.613284 GUI: UIMediumEnumerator: Medium-enumeration finished!
