00:00:00.001133 main     VirtualBox XPCOM Server 7.0.18 r162988 linux.amd64 (May  2 2024 10:17:07) release log
00:00:00.001140 main     Log opened 2025-03-19T19:35:16.179137000Z
00:00:00.001141 main     Build Type: release
00:00:00.001146 main     OS Product: Linux
00:00:00.001149 main     OS Release: 6.8.0-40-generic
00:00:00.001151 main     OS Version: #40~22.04.3-Ubuntu SMP PREEMPT_DYNAMIC Tue Jul 30 17:30:19 UTC 2
00:00:00.001185 main     DMI Product Name: 82B1
00:00:00.001195 main     DMI Product Version: Lenovo Legion 5 15ARH05H
00:00:00.001204 main     Firmware type: UEFI
00:00:00.001476 main     Secure Boot: Disabled
00:00:00.001535 main     Host RAM: 31963MB (31.2GB) total, 27857MB (27.2GB) available
00:00:00.001539 main     Executable: /usr/lib/virtualbox/VBoxSVC
00:00:00.001540 main     Process ID: 1515750
00:00:00.001542 main     Package type: LINUX_64BITS_UBUNTU_22_04
00:00:00.002729 main     IPC socket path: /tmp/.vbox-tom-ipc/ipcd
00:00:00.106509 nspr-2   VirtualBox: object creation starts
00:00:00.106655 nspr-2   Home directory: '/home/tom/.config/VirtualBox'
00:00:00.106885 nspr-2   Loading settings file "/home/tom/.config/VirtualBox/VirtualBox.xml" with version "1.12-linux"
00:00:00.111866 nspr-2   USB: Unknown USB device detected (idVendor: 0x8087, idProduct: 0x0029)
00:00:00.112066 nspr-2   Successfully initialised host USB using sysfs
00:00:00.136017 nspr-2   NetIfAdpCtlOut: VBoxNetAdpCtl: Error while retrieving link speed for wlp4s0: VBoxNetAdpCtl: ioctl failed: Operation not supported
00:00:00.139667 nspr-2   HostDnsMonitor: initializing
00:00:00.140040 nspr-2   NAT: resolv.conf: nameserver 127.0.0.53
00:00:00.140053 nspr-2   NAT: resolv.conf: ignoring "options edns0 trust-ad"
00:00:00.140073 nspr-2   HostDnsMonitor: updating information
00:00:00.140093 nspr-2   HostDnsMonitor: old information
00:00:00.140101 nspr-2     no server entries
00:00:00.140109 nspr-2     no domain set
00:00:00.140117 nspr-2     no search string entries
00:00:00.140125 nspr-2   HostDnsMonitor: new information
00:00:00.140132 nspr-2     server 1: 127.0.0.53
00:00:00.140141 nspr-2     domain: rocksalt
00:00:00.140148 nspr-2     search string 1: rocksalt
00:00:00.144148 nspr-2   VD: VDInit finished with VINF_SUCCESS
00:00:00.148760 nspr-2   rtldrNativeLoad: dlopen('/usr/lib/virtualbox/ExtensionPacks/Oracle_VirtualBox_Extension_Pack/linux.amd64/VBoxPuelMain.so', RTLD_NOW | RTLD_LOCAL) failed: /usr/lib/virtualbox/ExtensionPacks/Oracle_VirtualBox_Extension_Pack/linux.amd64/VBoxPuelMain.so: undefined symbol: _ZNK9RTCString8endsWithEPKc
00:00:00.149682 nspr-2   Loading settings file "/home/tom/VirtualBox VMs/Windows 11/Windows 11.vbox" with version "1.19-linux"
00:00:00.150950 nspr-2   VirtualBox: object created
00:00:00.256668 nspr-4   Saving settings file "/home/tom/.config/VirtualBox/VirtualBox.xml" with version "1.12-linux"
00:00:00.273917 nspr-4   Finished saving settings file "/home/tom/.config/VirtualBox/VirtualBox.xml"
00:00:00.274659 nspr-4   Saving settings file "/home/tom/.config/VirtualBox/VirtualBox.xml" with version "1.12-linux"
00:00:00.288522 nspr-4   Finished saving settings file "/home/tom/.config/VirtualBox/VirtualBox.xml"
00:00:00.289416 nspr-4   Saving settings file "/home/tom/.config/VirtualBox/VirtualBox.xml" with version "1.12-linux"
00:00:00.299366 nspr-4   Finished saving settings file "/home/tom/.config/VirtualBox/VirtualBox.xml"
00:00:01.376454 nspr-3   ERROR [COM]: aRC=VBOX_E_INVALID_VM_STATE (0x80bb0002) aIID={300763af-5d6b-46e6-aa96-273eac15538a} aComponent={MachineWrap} aText={The machine is not mutable (state is Saved)}, preserve=false aResultDetail=0
00:00:01.614946 nspr-3   Saving settings file "/home/tom/.config/VirtualBox/VirtualBox.xml" with version "1.12-linux"
00:00:01.635348 nspr-3   Finished saving settings file "/home/tom/.config/VirtualBox/VirtualBox.xml"
00:00:02.993976 nspr-4   Saving settings file "/home/tom/.config/VirtualBox/VirtualBox.xml" with version "1.12-linux"
00:00:03.010884 nspr-4   Finished saving settings file "/home/tom/.config/VirtualBox/VirtualBox.xml"
00:00:45.288380 nspr-3   Launched VM: 2013286368 pid: 1515886 (0x17216e) frontend: GUI/Qt name: Windows 11
00:00:45.331575 nspr-5   ERROR [COM]: aRC=VBOX_E_INVALID_VM_STATE (0x80bb0002) aIID={300763af-5d6b-46e6-aa96-273eac15538a} aComponent={MachineWrap} aText={The machine is not mutable (state is Saved)}, preserve=false aResultDetail=0
00:00:45.552302 nspr-8   ERROR [COM]: aRC=VBOX_E_INVALID_VM_STATE (0x80bb0002) aIID={300763af-5d6b-46e6-aa96-273eac15538a} aComponent={MachineWrap} aText={The machine is not mutable (state is Saved)}, preserve=false aResultDetail=0
00:00:45.969893 nspr-3   ERROR [COM]: aRC=VBOX_E_OBJECT_NOT_FOUND (0x80bb0001) aIID={70401eef-c8e9-466b-9660-45cb3e9979e4} aComponent={ExtPackManagerWrap} aText={No extension pack by the name 'Oracle VM VirtualBox Extension Pack' was found}, preserve=false aResultDetail=0
00:00:46.226073 nspr-6   Saving settings file "/home/tom/VirtualBox VMs/Windows 11/Windows 11.vbox" with version "1.19-linux"
00:00:46.241869 nspr-6   Finished saving settings file "/home/tom/VirtualBox VMs/Windows 11/Windows 11.vbox"
00:00:46.438264 nspr-9   ERROR [COM]: aRC=VBOX_E_INVALID_VM_STATE (0x80bb0002) aIID={300763af-5d6b-46e6-aa96-273eac15538a} aComponent={MachineWrap} aText={The machine is not mutable (state is Restoring)}, preserve=false aResultDetail=0
00:00:46.464745 nspr-9   ERROR [COM]: aRC=VBOX_E_OBJECT_NOT_FOUND (0x80bb0001) aIID={ad47ad09-787b-44ab-b343-a082a3f2dfb1} aComponent={MediumWrap} aText={Property 'CRYPT/KeyId' does not exist}, preserve=false aResultDetail=0
00:00:46.467273 nspr-5   ERROR [COM]: aRC=VBOX_E_OBJECT_NOT_FOUND (0x80bb0001) aIID={ad47ad09-787b-44ab-b343-a082a3f2dfb1} aComponent={MediumWrap} aText={Property 'CRYPT/KeyId' does not exist}, preserve=false aResultDetail=0
00:01:02.063929 nspr-9   Saving settings file "/home/tom/VirtualBox VMs/Windows 11/Windows 11.vbox" with version "1.19-linux"
00:01:02.076886 nspr-9   Finished saving settings file "/home/tom/VirtualBox VMs/Windows 11/Windows 11.vbox"
00:01:02.082877 nspr-2   Saving settings file "/home/tom/VirtualBox VMs/Windows 11/Windows 11.vbox" with version "1.19-linux"
00:01:02.093054 nspr-2   Finished saving settings file "/home/tom/VirtualBox VMs/Windows 11/Windows 11.vbox"
00:01:02.460479 nspr-6   ERROR [COM]: aRC=VBOX_E_INVALID_VM_STATE (0x80bb0002) aIID={300763af-5d6b-46e6-aa96-273eac15538a} aComponent={MachineWrap} aText={The machine is not mutable (state is Running)}, preserve=false aResultDetail=0
